<?xml version="1.0" encoding="UTF-8"?>
<!-- Generated by org.testng.reporters.JUnitXMLReporter -->
<testsuite ignored="0" hostname="DESKTOP-MSLUGAF" failures="0" tests="3" name="Submit Order" time="75.705" errors="0" timestamp="2025-01-19T19:04:56 IST">
  <testcase classname="RahulShettyAcademy.Test.SubmitOderTest" name="submitOrder" time="28.024"/>
  <testcase classname="RahulShettyAcademy.Test.SubmitOderTest" name="submitOrder" time="8.52"/>
  <testcase classname="RahulShettyAcademy.Test.SubmitOderTest" name="OrderHisteoryTest" time="1.203"/>
</testsuite> <!-- Submit Order -->
