<?xml version="1.0" encoding="UTF-8"?>
<!-- Generated by org.testng.reporters.JUnitXMLReporter -->
<testsuite ignored="0" hostname="DESKTOP-MSLUGAF" failures="0" tests="2" name="Error Validation Test" time="65.585" errors="0" timestamp="2025-01-25T10:03:39 IST">
  <testcase classname="RahulShettyAcademy.Test.ErrorValidationTest" name="LoginErrorValidation" time="1.248"/>
  <testcase classname="RahulShettyAcademy.Test.ErrorValidationTest" name="ProductErrorValidation" time="14.577"/>
</testsuite> <!-- Error Validation Test -->
